Using pre-set license
Built from '2020.2/release' branch; Version is '2020.2.1f1 (270dd8c3da1c) revision 2559448'; Using compiler version '192528614'; Build Type 'Release'
OS: 'Windows 10  (10.0.0) 64bit' Language: 'el' Physical Memory: 7959 MB
BatchMode: 1, IsHumanControllingUs: 0, StartBugReporterOnCrash: 0, Is64bit: 1, IsPro: 0

 COMMAND LINE ARGUMENTS:
C:\Program Files\Unity\Hub\Editor\2020.2.1f1\Editor\Unity.exe
-adb2
-batchMode
-noUpm
-name
AssetImportWorker1
-projectPath
C:/Users/30694/Desktop/every new unity project/color
-logFile
Logs/AssetImportWorker1.log
-srvPort
52075
Successfully changed project path to: C:/Users/30694/Desktop/every new unity project/color
C:/Users/30694/Desktop/every new unity project/color
Using Asset Import Pipeline V2.
Refreshing native plugins compatible for Editor in 66.38 ms, found 1 plugins.
Preloading 0 native plugins for Editor in 0.00 ms.
Initialize engine version: 2020.2.1f1 (270dd8c3da1c)
[Subsystems] Discovering subsystems at path C:/Program Files/Unity/Hub/Editor/2020.2.1f1/Editor/Data/Resources/UnitySubsystems
[Subsystems] Discovering subsystems at path C:/Users/30694/Desktop/every new unity project/color/Assets
GfxDevice: creating device client; threaded=0
Direct3D:
    Version:  Direct3D 11.0 [level 11.1]
    Renderer: Intel(R) UHD Graphics (ID=0x8a56)
    Vendor:   
    VRAM:     3979 MB
    Driver:   27.20.100.9365
Initialize mono
Mono path[0] = 'C:/Program Files/Unity/Hub/Editor/2020.2.1f1/Editor/Data/Managed'
Mono path[1] = 'C:/Program Files/Unity/Hub/Editor/2020.2.1f1/Editor/Data/MonoBleedingEdge/lib/mono/unityjit'
Mono config path = 'C:/Program Files/Unity/Hub/Editor/2020.2.1f1/Editor/Data/MonoBleedingEdge/etc'
Using monoOptions --debugger-agent=transport=dt_socket,embedding=1,server=y,suspend=n,address=127.0.0.1:56916
Begin MonoManager ReloadAssembly
Registering precompiled unity dll's ...
Register platform support module: C:/Program Files/Unity/Hub/Editor/2020.2.1f1/Editor/Data/PlaybackEngines/WindowsStandaloneSupport/UnityEditor.WindowsStandalone.Extensions.dll
Registered in 0.001625 seconds.
Native extension for WindowsStandalone target not found
Refreshing native plugins compatible for Editor in 48.64 ms, found 1 plugins.
Preloading 0 native plugins for Editor in 0.00 ms.
Invoked RoslynAnalysisRunner static constructor.
RoslynAnalysisRunner will not be running.
RoslynAnalysisRunner has terminated.
Mono: successfully reloaded assembly
- Completed reload, in  1.994 seconds
Platform modules already initialized, skipping
Registering precompiled user dll's ...
Registered in 0.001105 seconds.
Begin MonoManager ReloadAssembly
Native extension for WindowsStandalone target not found
Refreshing native plugins compatible for Editor in 91.62 ms, found 1 plugins.
Preloading 0 native plugins for Editor in 0.00 ms.
Invoked RoslynAnalysisRunner static constructor.
RoslynAnalysisRunner will not be running.
RoslynAnalysisRunner has terminated.
Mono: successfully reloaded assembly
- Completed reload, in  1.803 seconds
Platform modules already initialized, skipping
========================================================================
Worker process is ready to serve import requests
Launched and connected shader compiler UnityShaderCompiler.exe after 0.10 seconds
Refreshing native plugins compatible for Editor in 0.60 ms, found 1 plugins.
Preloading 0 native plugins for Editor in 0.00 ms.
Unloading 1790 Unused Serialized files (Serialized files now loaded: 0)
System memory in use before: 84.1 MB.
System memory in use after: 84.1 MB.

Unloading 24 unused Assets to reduce memory usage. Loaded Objects now: 2232.
Total: 11.126400 ms (FindLiveObjects: 1.687800 ms CreateObjectMapping: 0.263000 ms MarkObjects: 5.779500 ms  DeleteObjects: 0.226300 ms)

========================================================================
Received Import Request.
  path: Assets/pixels1.cs
  artifactKey: Guid(cc57d5e7a882e784484163375140e753) Importer(815301076,1909f56bfc062723c751e8b465ee728b)
Start importing Assets/pixels1.cs using Guid(cc57d5e7a882e784484163375140e753) Importer(815301076,1909f56bfc062723c751e8b465ee728b)  -> (artifact id: 'cc615b3de9c83da24c3a69e8f391bd3d') in 0.124410 seconds
  Import took 0.131717 seconds .

========================================================================
Received Prepare
Registering precompiled user dll's ...
Registered in 0.001564 seconds.
Begin MonoManager ReloadAssembly
Native extension for WindowsStandalone target not found
Refreshing native plugins compatible for Editor in 1.00 ms, found 1 plugins.
Preloading 0 native plugins for Editor in 0.00 ms.
Invoked RoslynAnalysisRunner static constructor.
RoslynAnalysisRunner will not be running.
RoslynAnalysisRunner has terminated.
Mono: successfully reloaded assembly
- Completed reload, in  1.749 seconds
Platform modules already initialized, skipping
Refreshing native plugins compatible for Editor in 0.76 ms, found 1 plugins.
Preloading 0 native plugins for Editor in 0.00 ms.
Unloading 1785 Unused Serialized files (Serialized files now loaded: 0)
System memory in use before: 84.2 MB.
System memory in use after: 84.2 MB.

Unloading 12 unused Assets to reduce memory usage. Loaded Objects now: 2235.
Total: 3.768400 ms (FindLiveObjects: 0.244300 ms CreateObjectMapping: 0.122500 ms MarkObjects: 3.273300 ms  DeleteObjects: 0.125800 ms)

========================================================================
Received Import Request.
  Time since last request: 87.788853 seconds.
  path: Assets/pixels1.cs
  artifactKey: Guid(cc57d5e7a882e784484163375140e753) Importer(815301076,1909f56bfc062723c751e8b465ee728b)
Start importing Assets/pixels1.cs using Guid(cc57d5e7a882e784484163375140e753) Importer(815301076,1909f56bfc062723c751e8b465ee728b)  -> (artifact id: '50a439e8bed5f4e3379931208954eba5') in 0.015940 seconds
  Import took 0.021992 seconds .

========================================================================
Received Import Request.
  Time since last request: 0.048727 seconds.
  path: Assets/pixels1.cs
  artifactKey: Guid(cc57d5e7a882e784484163375140e753) Importer(815301076,1909f56bfc062723c751e8b465ee728b)
Start importing Assets/pixels1.cs using Guid(cc57d5e7a882e784484163375140e753) Importer(815301076,1909f56bfc062723c751e8b465ee728b)  -> (artifact id: '50a439e8bed5f4e3379931208954eba5') in 0.003042 seconds
  Import took 0.023803 seconds .

========================================================================
Received Prepare
Registering precompiled user dll's ...
Registered in 0.001145 seconds.
Begin MonoManager ReloadAssembly
Native extension for WindowsStandalone target not found
Refreshing native plugins compatible for Editor in 0.40 ms, found 1 plugins.
Preloading 0 native plugins for Editor in 0.00 ms.
Invoked RoslynAnalysisRunner static constructor.
RoslynAnalysisRunner will not be running.
RoslynAnalysisRunner has terminated.
Mono: successfully reloaded assembly
- Completed reload, in  2.327 seconds
Platform modules already initialized, skipping
Refreshing native plugins compatible for Editor in 0.45 ms, found 1 plugins.
Preloading 0 native plugins for Editor in 0.00 ms.
Unloading 1785 Unused Serialized files (Serialized files now loaded: 0)
System memory in use before: 84.3 MB.
System memory in use after: 84.3 MB.

Unloading 12 unused Assets to reduce memory usage. Loaded Objects now: 2238.
Total: 2.488100 ms (FindLiveObjects: 0.252200 ms CreateObjectMapping: 0.083200 ms MarkObjects: 1.977000 ms  DeleteObjects: 0.173500 ms)

========================================================================
Received Import Request.
  Time since last request: 101.577899 seconds.
  path: Assets/pixels1.cs
  artifactKey: Guid(cc57d5e7a882e784484163375140e753) Importer(815301076,1909f56bfc062723c751e8b465ee728b)
Start importing Assets/pixels1.cs using Guid(cc57d5e7a882e784484163375140e753) Importer(815301076,1909f56bfc062723c751e8b465ee728b)  -> (artifact id: '5462c9766d324dec3ee2b7181adf63ba') in 0.009254 seconds
  Import took 0.015217 seconds .

========================================================================
Received Prepare
Registering precompiled user dll's ...
Registered in 0.011282 seconds.
Begin MonoManager ReloadAssembly
Native extension for WindowsStandalone target not found
Refreshing native plugins compatible for Editor in 0.51 ms, found 1 plugins.
Preloading 0 native plugins for Editor in 0.00 ms.
Invoked RoslynAnalysisRunner static constructor.
RoslynAnalysisRunner will not be running.
RoslynAnalysisRunner has terminated.
Mono: successfully reloaded assembly
- Completed reload, in  1.676 seconds
Platform modules already initialized, skipping
Refreshing native plugins compatible for Editor in 0.60 ms, found 1 plugins.
Preloading 0 native plugins for Editor in 0.00 ms.
Unloading 1785 Unused Serialized files (Serialized files now loaded: 0)
System memory in use before: 84.4 MB.
System memory in use after: 84.4 MB.

Unloading 12 unused Assets to reduce memory usage. Loaded Objects now: 2241.
Total: 2.709200 ms (FindLiveObjects: 0.371700 ms CreateObjectMapping: 0.126300 ms MarkObjects: 2.096000 ms  DeleteObjects: 0.113400 ms)

